Arguments: 
  /usr/bin/node /usr/share/yarn/bin/yarn.js install

PATH: 
  /home/ubuntu/gcloud/google-cloud-sdk/bin:/home/ubuntu/.local/share/umake/bin:/usr/local/sbin:/usr/local/bin:/usr/sbin:/usr/bin:/sbin:/bin:/usr/games:/usr/local/games:/snap/bin

Yarn version: 
  1.15.2

Node version: 
  8.15.1

Platform: 
  linux x64

Trace: 
  Error: getaddrinfo EAI_AGAIN registry.yarnpkg.com:443
      at GetAddrInfoReqWrap.onlookup [as oncomplete] (dns.js:67:26)

npm manifest: 
  {
      "name": "swiping-card-4-peers",
      "version": "1.0.0",
      "description": "HPC swiping cards Sample Application",
      "main": "swiping-card.js",
      "scripts": {
          "test": "echo \"Error: no test specified\" && exit 1"
      },
      "dependencies": {
          "commander": "^2.16.0",
          "delay": "^4.1.0",
          "ejs": "^1.0.0",
          "express": "^4.16.3",
          "fabric-ca-client": "^1.4.1",
          "fabric-client": "^1.4.1",
          "fabric-network": "^1.4.1",
          "form-data": "^2.3.3",
          "formidable": "^1.2.1",
          "grpc": "^1.6.0",
          "system-sleep": "^1.3.6",
          "x509": "^0.3.3"
      },
      "author": "Nghiadt",
      "keywords": [
          "Hyperledger",
          "Fabric",
          "Swipe card 4 peers",
          "Sample",
          "Application"
      ]
  }

yarn manifest: 
  No manifest

Lockfile: 
  No lockfile
